2024-11-27T04:35:07+00:00 CRITICAL Uncaught ValueError: Path cannot be empty in /home1/topscmcg/public_html/demo/learnladder/wp-content/plugins/woocommerce/includes/wc-template-functions.php:53
Stack trace:
#0 /home1/topscmcg/public_html/demo/learnladder/wp-includes/class-wp-hook.php(324): wc_template_redirect('')
#1 /home1/topscmcg/public_html/demo/learnladder/wp-includes/class-wp-hook.php(348): WP_Hook->apply_filters(NULL, Array)
#2 /home1/topscmcg/public_html/demo/learnladder/wp-includes/plugin.php(517): WP_Hook->do_action(Array)
#3 /home1/topscmcg/public_html/demo/learnladder/wp-includes/template-loader.php(13): do_action('template_redire...')
#4 /home1/topscmcg/public_html/demo/learnladder/wp-blog-header.php(19): require_once('/home1/topscmcg...')
#5 /home1/topscmcg/public_html/demo/learnladder/index.php(17): require('/home1/topscmcg...')
#6 {main}
  thrown in /home1/topscmcg/public_html/demo/learnladder/wp-content/plugins/woocommerce/includes/wc-template-functions.php on line 53

2024-11-27T07:17:05+00:00 CRITICAL Uncaught ValueError: Path cannot be empty in /home1/topscmcg/public_html/demo/learnladder/wp-content/plugins/woocommerce/includes/wc-template-functions.php:53
Stack trace:
#0 /home1/topscmcg/public_html/demo/learnladder/wp-includes/class-wp-hook.php(324): wc_template_redirect('')
#1 /home1/topscmcg/public_html/demo/learnladder/wp-includes/class-wp-hook.php(348): WP_Hook->apply_filters(NULL, Array)
#2 /home1/topscmcg/public_html/demo/learnladder/wp-includes/plugin.php(517): WP_Hook->do_action(Array)
#3 /home1/topscmcg/public_html/demo/learnladder/wp-includes/template-loader.php(13): do_action('template_redire...')
#4 /home1/topscmcg/public_html/demo/learnladder/wp-blog-header.php(19): require_once('/home1/topscmcg...')
#5 /home1/topscmcg/public_html/demo/learnladder/index.php(17): require('/home1/topscmcg...')
#6 {main}
  thrown in /home1/topscmcg/public_html/demo/learnladder/wp-content/plugins/woocommerce/includes/wc-template-functions.php on line 53

